[21:57:26.512] Global cache location '/Users/kumotyou/Library/Caches/typescript/3.4.5', safe file path '/users/kumotyou/code/typescript/angular/zyhua-s-admin-ng/node_modules/typescript/lib/typingsafelist.json', types map path /users/kumotyou/code/typescript/angular/zyhua-s-admin-ng/node_modules/typescript/lib/typesmap.json
[21:57:26.514] Processing cache location '/Users/kumotyou/Library/Caches/typescript/3.4.5'
[21:57:26.516] Trying to find '/Users/kumotyou/Library/Caches/typescript/3.4.5/package.json'...
[21:57:26.519] Loaded content of '/Users/kumotyou/Library/Caches/typescript/3.4.5/package.json': {"private":true,"dependencies":{"types-registry":"^0.1.472"},"devDependencies":{"@types/abbrev":"^1.1.0","@types/accepts":"^1.3.5","@types/acorn":"^4.0.5","@types/ajv-errors":"^1.0.2","@types/ansi-regex":"^4.0.0","@types/ansi-styles":"^3.2.1","@types/anymatch":"^1.3.1","@types/are-we-there-yet":"^1.1.0","@types/argparse":"^1.0.36","@types/arr-diff":"^4.0.0","@types/arr-union":"^3.1.0","@types/array-unique":"^0.3.0","@types/asn1":"^0.2.0","@types/assert":"^1.4.2","@types/assert-plus":"^1.0.4","@types/async":"^2.4.2","@types/atob":"^2.1.2","@types/autoprefixer":"^9.5.0","@types/aws4":"^1.5.1","@types/babel-code-frame":"^6.20.2","@types/balanced-match":"^1.0.0","@types/base64-js":"^1.2.5","@types/big.js":"^4.0.5","@types/bluebird":"^3.5.27","@types/bn.js":"^4.11.5","@types/body-parser":"^1.17.0","@types/bonjour":"^3.5.5","@types/brace-expansion":"^1.1.0","@types/braces":"^3.0.0","@types/brorand":"^1.0.30","@types/browserslist":"^4.4.0","@types/buffer-from":"^1.1.0","@types/buffer-xor":"^2.0.0","@types/bytes":"^3.0.0","@types/caniuse-api":"^3.0.0","@types/caniuse-lite":"^1.0.0","@types/case-sensitive-paths-webpack-plugin":"^2.1.2","@types/caseless":"^0.12.2","@types/check-types":"^7.3.1","@types/chownr":"^1.0.0","@types/ci-info":"^2.0.0","@types/cipher-base":"^1.0.0","@types/clean-css":"^4.2.1","@types/cli-spinners":"^1.3.0","@types/clone":"^0.1.30","@types/color":"^3.0.0","@types/color-convert":"^1.9.0","@types/color-name":"^1.1.1","@types/color-string":"^1.5.0","@types/combined-stream":"^1.0.2","@types/commondir":"^1.0.0","@types/component-emitter":"^1.2.8","@types/compressible":"^2.0.0","@types/compression":"0.0.36","@types/concat-map":"0.0.0","@types/concat-stream":"^1.6.0","@types/connect-history-api-fallback":"^1.3.2","@types/consolidate":"0.0.35","@types/content-disposition":"^0.5.2","@types/content-type":"^1.1.3","@types/convert-source-map":"^1.5.1","@types/cookie":"^0.3.3","@types/cookie-signature":"^1.0.2","@types/copy-webpack-plugin":"^5.0.0","@types/core-js":"^2.5.0","@types/cosmiconfig":"^5.0.3","@types/create-hash":"^1.2.0","@types/create-hmac":"^1.1.0","@types/cross-spawn":"^6.0.0","@types/css-tree":"^1.0.0","@types/cssesc":"^3.0.0","@types/cssnano":"^4.0.0","@types/csso":"^3.5.1","@types/date-now":"^1.0.0","@types/debug":"^4.1.4","@types/decode-uri-component":"^0.2.0","@types/deep-equal":"^1.0.1","@types/deep-extend":"^0.4.31","@types/default-gateway":"^3.0.0","@types/defaults":"^1.0.2","@types/depd":"^1.1.32","@types/destroy":"^1.0.0","@types/detect-node":"^2.0.0","@types/diffie-hellman":"^5.0.0","@types/dir-glob":"^2.0.0","@types/domelementtype":"^1.3.0","@types/domhandler":"^2.4.1","@types/domutils":"^1.7.2","@types/dotenv":"^6.1.1","@types/duplexify":"^3.6.0","@types/ee-first":"^1.1.0","@types/ejs":"^2.6.3","@types/elliptic":"^6.4.8","@types/encodeurl":"^1.0.0","@types/end-of-stream":"^1.4.0","@types/enhanced-resolve":"^3.0.6","@types/entities":"^1.1.1","@types/escape-html":"0.0.20","@types/eslint-scope":"^3.7.0","@types/esprima":"^4.0.2","@types/estraverse":"0.0.6","@types/etag":"^1.8.0","@types/events":"^3.0.0","@types/eventsource":"^1.1.0","@types/execa":"^0.9.0","@types/express":"^4.16.1","@types/extend":"^3.0.1","@types/extsprintf":"^1.4.1","@types/fast-json-stable-stringify":"^2.0.0","@types/filesize":"^4.1.0","@types/finalhandler":"^1.1.0","@types/find-cache-dir":"^2.0.0","@types/find-up":"^2.1.1","@types/flush-write-stream":"^1.0.0","@types/follow-redirects":"^1.5.0","@types/forever-agent":"^0.6.0","@types/form-data":"^2.2.1","@types/forwarded":"^0.1.0","@types/fresh":"^0.5.0","@types/from2":"^2.3.0","@types/fs-extra":"^7.0.0","@types/fsevents":"^1.1.2","@types/get-caller-file":"^1.0.0","@types/get-value":"^3.0.1","@types/getpass":"^0.1.0","@types/glob":"^7.1.1","@types/glob-parent":"^3.1.1","@types/glob-to-regexp":"^0.4.0","@types/graceful-fs":"^4.1.3","@types/has-ansi":"^3.0.0","@types/hash-sum":"^1.0.0","@types/he":"^1.1.0","@types/highlight.js":"^9.12.3","@types/hosted-git-info":"^2.7.0","@types/html-entities":"^1.2.16","@types/html-minifier":"^3.5.3","@types/html-webpack-plugin":"^3.2.0","@types/htmlparser2":"^3.10.0","@types/http-errors":"^1.6.1","@types/http-proxy":"^1.17.0","@types/http-proxy-middleware":"^0.19.2","@types/iferr":"^1.0.2","@types/inherits":"0.0.30","@types/ini":"^1.3.30","@types/invariant":"^2.2.29","@types/ip":"^1.1.0","@types/is-buffer":"^2.0.0","@types/is-callable":"^1.1.0","@types/is-ci":"^2.0.0","@types/is-date-object":"^1.0.0","@types/is-glob":"^4.0.1","@types/is-number":"^3.0.1","@types/is-typedarray":"^1.0.0","@types/is-windows":"^0.2.0","@types/isarray":"^2.0.0","@types/isexe":"^2.0.0","@types/js-levenshtein":"^1.1.0","@types/js-yaml":"^3.12.1","@types/jsbn":"^1.2.29","@types/jsesc":"^0.4.29","@types/json-parse-better-errors":"^1.0.0","@types/json-schema":"^7.0.3","@types/json-stringify-safe":"^5.0.0","@types/json3":"^3.3.2","@types/json5":"0.0.30","@types/jsonfile":"^5.0.0","@types/kind-of":"^6.0.0","@types/loader-runner":"^2.2.3","@types/loader-utils":"^1.1.3","@types/lodash":"^4.14.133","@types/lodash.defaultsdeep":"^4.6.6","@types/lodash.kebabcase":"^4.1.6","@types/lodash.mapvalues":"^4.6.6","@types/lodash.memoize":"^4.1.6","@types/lodash.transform":"^4.6.6","@types/lodash.uniq":"^4.5.6","@types/lru-cache":"^5.1.0","@types/media-typer":"^0.3.0","@types/memory-fs":"^0.3.2","@types/merge-descriptors":"^1.0.1","@types/merge2":"^1.1.4","@types/methods":"^1.1.0","@types/micromatch":"^3.1.0","@types/mime":"^2.0.1","@types/mime-db":"^1.27.0","@types/mime-types":"^2.1.0","@types/mini-css-extract-plugin":"^0.2.1","@types/minimatch":"^3.0.3","@types/minimist":"^1.2.0","@types/minipass":"^2.2.0","@types/mkdirp":"^0.5.2","@types/move-concurrently":"^1.0.2","@types/ms":"^0.7.30","@types/mz":"0.0.32","@types/needle":"^2.0.4","@types/negotiator":"^0.6.1","@types/node-forge":"^0.8.3","@types/node-ipc":"^9.1.1","@types/nopt":"^3.0.29","@types/normalize-package-data":"^2.4.0","@types/normalize-path":"^3.0.0","@types/npm-packlist":"^1.1.1","@types/npmlog":"^4.1.1","@types/number-is-nan":"^1.0.0","@types/object-assign":"^4.0.30","@types/object-keys":"^1.0.0","@types/object.getownpropertydescriptors":"^2.0.0","@types/object.pick":"^1.3.0","@types/on-finished":"^2.3.1","@types/on-headers":"^1.0.0","@types/once":"^1.4.0","@types/onetime":"^3.0.0","@types/open":"^6.1.0","@types/opener":"^1.4.0","@types/original":"^1.0.0","@types/os-homedir":"^1.0.0","@types/os-locale":"^2.1.0","@types/os-tmpdir":"^1.0.0","@types/osenv":"^0.1.0","@types/pako":"^1.0.1","@types/parallel-transform":"^1.1.0","@types/parse-json":"^4.0.0","@types/parse5":"^5.0.0","@types/parseurl":"^1.3.1","@types/path-exists":"^3.0.0","@types/path-is-absolute":"^1.0.0","@types/path-is-inside":"^1.0.0","@types/path-parse":"^1.0.19","@types/pbkdf2":"^3.0.0","@types/pify":"^3.0.2","@types/postcss-calc":"^7.0.0","@types/postcss-modules-extract-imports":"^2.0.0","@types/postcss-modules-local-by-default":"^1.2.0","@types/postcss-modules-scope":"^1.1.0","@types/prettier":"^1.16.4","@types/proxy-addr":"^2.0.0","@types/psl":"^1.1.0","@types/pump":"^1.1.0","@types/pumpify":"^1.4.1","@types/punycode":"^2.1.0","@types/q":"^1.5.2","@types/qs":"^6.5.3","@types/querystringify":"^2.0.0","@types/randombytes":"^2.0.0","@types/range-parser":"^1.2.3","@types/rc":"^1.1.0","@types/read-pkg":"^4.0.0","@types/readable-stream":"^2.3.1","@types/readline-sync":"^1.4.3","@types/relateurl":"^0.2.28","@types/repeat-element":"^1.1.0","@types/repeat-string":"^1.6.0","@types/request":"^2.48.1","@types/request-promise-native":"^1.0.16","@types/require-directory":"^2.1.1","@types/require-from-string":"^1.2.0","@types/requires-port":"^1.0.0","@types/resolve":"0.0.8","@types/resolve-cwd":"^2.0.0","@types/restore-cursor":"^2.0.0","@types/rimraf":"^2.0.2","@types/ripemd160":"^2.0.0","@types/safe-regex":"^1.1.2","@types/sax":"^1.2.0","@types/semver":"^6.0.0","@types/send":"^0.14.4","@types/serialize-javascript":"^1.5.0","@types/serve-index":"^1.7.29","@types/serve-static":"^1.13.2","@types/set-value":"^2.0.0","@types/sha.js":"^2.4.0","@types/shebang-command":"^1.2.0","@types/shebang-regex":"^2.0.0","@types/shell-quote":"^1.6.1","@types/signal-exit":"^3.0.0","@types/slash":"^2.0.0","@types/sockjs":"^0.3.31","@types/sockjs-client":"^1.1.1","@types/source-list-map":"^0.1.2","@types/source-map-support":"^0.5.0","@types/spdx-correct":"^2.0.0","@types/spdy":"^3.4.4","@types/sprintf":"^0.1.0","@types/sprintf-js":"^1.1.2","@types/sshpk":"^1.10.4","@types/ssri":"^6.0.1","@types/statuses":"^1.5.0","@types/stream-each":"^1.2.0","@types/stream-shift":"^1.0.0","@types/strict-uri-encode":"^2.0.0","@types/strip-json-comments":"0.0.30","@types/supports-color":"^5.3.0","@types/svgo":"^1.0.1","@types/tapable":"^1.0.4","@types/tar":"^4.0.0","@types/terser-webpack-plugin":"^1.2.1","@types/through2":"^2.0.34","@types/timsort":"^0.3.0","@types/toposort":"^2.0.1","@types/tough-cookie":"^2.3.5","@types/tryer":"^1.0.1","@types/type-is":"^1.6.2","@types/uglify-js":"^3.0.4","@types/uniq":"0.0.27","@types/urix":"^0.1.0","@types/url-parse":"^1.4.3","@types/util-deprecate":"^1.0.0","@types/util.promisify":"^1.0.1","@types/utils-merge":"0.0.28","@types/uuid":"^3.4.4","@types/vary":"^1.1.0","@types/verror":"^1.10.3","@types/watchpack":"^1.1.5","@types/wcwidth":"^1.0.0","@types/webpack":"^4.4.32","@types/webpack-bundle-analyzer":"^2.13.1","@types/webpack-dev-middleware":"^2.0.2","@types/webpack-dev-server":"^3.1.6","@types/webpack-merge":"^4.1.5","@types/webpack-sources":"^0.1.5","@types/which":"^1.3.1","@types/wrap-ansi":"^3.0.0","@types/ws":"^6.0.1","@types/xtend":"^4.0.2","@types/y18n":"^4.0.0","@types/yallist":"^3.0.1","@types/yargs":"^13.0.0","@types/yargs-parser":"^13.0.0"}}
[21:57:26.519] Loaded content of '/Users/kumotyou/Library/Caches/typescript/3.4.5/package-lock.json'
[21:57:26.531] Adding entry into typings cache: 'abbrev' => '/Users/kumotyou/Library/Caches/typescript/3.4.5/node_modules/@types/abbrev/index.d.ts'
[21:57:26.535] Adding entry into typings cache: 'accepts' => '/Users/kumotyou/Library/Caches/typescript/3.4.5/node_modules/@types/accepts/index.d.ts'
[21:57:26.538] Adding entry into typings cache: 'acorn' => '/Users/kumotyou/Library/Caches/typescript/3.4.5/node_modules/@types/acorn/index.d.ts'
[21:57:26.541] Adding entry into typings cache: 'ajv-errors' => '/Users/kumotyou/Library/Caches/typescript/3.4.5/node_modules/@types/ajv-errors/index.d.ts'
[21:57:26.543] Adding entry into typings cache: 'ansi-regex' => '/Users/kumotyou/Library/Caches/typescript/3.4.5/node_modules/@types/ansi-regex/index.d.ts'
[21:57:26.548] Adding entry into typings cache: 'ansi-styles' => '/Users/kumotyou/Library/Caches/typescript/3.4.5/node_modules/@types/ansi-styles/index.d.ts'
[21:57:26.553] Adding entry into typings cache: 'anymatch' => '/Users/kumotyou/Library/Caches/typescript/3.4.5/node_modules/@types/anymatch/index.d.ts'
[21:57:26.554] Adding entry into typings cache: 'are-we-there-yet' => '/Users/kumotyou/Library/Caches/typescript/3.4.5/node_modules/@types/are-we-there-yet/index.d.ts'
[21:57:26.556] Adding entry into typings cache: 'argparse' => '/Users/kumotyou/Library/Caches/typescript/3.4.5/node_modules/@types/argparse/index.d.ts'
[21:57:26.560] Adding entry into typings cache: 'arr-diff' => '/Users/kumotyou/Library/Caches/typescript/3.4.5/node_modules/@types/arr-diff/index.d.ts'
[21:57:26.564] Adding entry into typings cache: 'arr-union' => '/Users/kumotyou/Library/Caches/typescript/3.4.5/node_modules/@types/arr-union/index.d.ts'
[21:57:26.566] Adding entry into typings cache: 'array-unique' => '/Users/kumotyou/Library/Caches/typescript/3.4.5/node_modules/@types/array-unique/index.d.ts'
[21:57:26.569] Adding entry into typings cache: 'asn1' => '/Users/kumotyou/Library/Caches/typescript/3.4.5/node_modules/@types/asn1/index.d.ts'
[21:57:26.571] Adding entry into typings cache: 'assert' => '/Users/kumotyou/Library/Caches/typescript/3.4.5/node_modules/@types/assert/index.d.ts'
[21:57:26.572] Adding entry into typings cache: 'assert-plus' => '/Users/kumotyou/Library/Caches/typescript/3.4.5/node_modules/@types/assert-plus/index.d.ts'
[21:57:26.574] Adding entry into typings cache: 'async' => '/Users/kumotyou/Library/Caches/typescript/3.4.5/node_modules/@types/async/index.d.ts'
[21:57:26.578] Adding entry into typings cache: 'atob' => '/Users/kumotyou/Library/Caches/typescript/3.4.5/node_modules/@types/atob/index.d.ts'
[21:57:26.580] Adding entry into typings cache: 'autoprefixer' => '/Users/kumotyou/Library/Caches/typescript/3.4.5/node_modules/@types/autoprefixer/index.d.ts'
[21:57:26.581] Adding entry into typings cache: 'aws4' => '/Users/kumotyou/Library/Caches/typescript/3.4.5/node_modules/@types/aws4/index.d.ts'
[21:57:26.583] Adding entry into typings cache: 'babel-code-frame' => '/Users/kumotyou/Library/Caches/typescript/3.4.5/node_modules/@types/babel-code-frame/index.d.ts'
[21:57:26.585] Adding entry into typings cache: 'balanced-match' => '/Users/kumotyou/Library/Caches/typescript/3.4.5/node_modules/@types/balanced-match/index.d.ts'
[21:57:26.586] Adding entry into typings cache: 'base64-js' => '/Users/kumotyou/Library/Caches/typescript/3.4.5/node_modules/@types/base64-js/index.d.ts'
[21:57:26.587] Adding entry into typings cache: 'big.js' => '/Users/kumotyou/Library/Caches/typescript/3.4.5/node_modules/@types/big.js/index.d.ts'
[21:57:26.589] Adding entry into typings cache: 'bluebird' => '/Users/kumotyou/Library/Caches/typescript/3.4.5/node_modules/@types/bluebird/index.d.ts'
[21:57:26.591] Adding entry into typings cache: 'bn.js' => '/Users/kumotyou/Library/Caches/typescript/3.4.5/node_modules/@types/bn.js/index.d.ts'
[21:57:26.592] Adding entry into typings cache: 'body-parser' => '/Users/kumotyou/Library/Caches/typescript/3.4.5/node_modules/@types/body-parser/index.d.ts'
[21:57:26.593] Adding entry into typings cache: 'bonjour' => '/Users/kumotyou/Library/Caches/typescript/3.4.5/node_modules/@types/bonjour/index.d.ts'
[21:57:26.595] Adding entry into typings cache: 'brace-expansion' => '/Users/kumotyou/Library/Caches/typescript/3.4.5/node_modules/@types/brace-expansion/index.d.ts'
[21:57:26.600] Adding entry into typings cache: 'braces' => '/Users/kumotyou/Library/Caches/typescript/3.4.5/node_modules/@types/braces/index.d.ts'
[21:57:26.602] Adding entry into typings cache: 'brorand' => '/Users/kumotyou/Library/Caches/typescript/3.4.5/node_modules/@types/brorand/index.d.ts'
[21:57:26.604] Adding entry into typings cache: 'browserslist' => '/Users/kumotyou/Library/Caches/typescript/3.4.5/node_modules/@types/browserslist/index.d.ts'
[21:57:26.608] Adding entry into typings cache: 'buffer-from' => '/Users/kumotyou/Library/Caches/typescript/3.4.5/node_modules/@types/buffer-from/index.d.ts'
[21:57:26.609] Adding entry into typings cache: 'buffer-xor' => '/Users/kumotyou/Library/Caches/typescript/3.4.5/node_modules/@types/buffer-xor/index.d.ts'
[21:57:26.612] Adding entry into typings cache: 'bytes' => '/Users/kumotyou/Library/Caches/typescript/3.4.5/node_modules/@types/bytes/index.d.ts'
[21:57:26.615] Adding entry into typings cache: 'caniuse-api' => '/Users/kumotyou/Library/Caches/typescript/3.4.5/node_modules/@types/caniuse-api/index.d.ts'
[21:57:26.617] Adding entry into typings cache: 'caniuse-lite' => '/Users/kumotyou/Library/Caches/typescript/3.4.5/node_modules/@types/caniuse-lite/index.d.ts'
[21:57:26.618] Adding entry into typings cache: 'case-sensitive-paths-webpack-plugin' => '/Users/kumotyou/Library/Caches/typescript/3.4.5/node_modules/@types/case-sensitive-paths-webpack-plugin/index.d.ts'
[21:57:26.619] Adding entry into typings cache: 'caseless' => '/Users/kumotyou/Library/Caches/typescript/3.4.5/node_modules/@types/caseless/index.d.ts'
[21:57:26.621] Adding entry into typings cache: 'check-types' => '/Users/kumotyou/Library/Caches/typescript/3.4.5/node_modules/@types/check-types/index.d.ts'
[21:57:26.622] Adding entry into typings cache: 'chownr' => '/Users/kumotyou/Library/Caches/typescript/3.4.5/node_modules/@types/chownr/index.d.ts'
[21:57:26.623] Adding entry into typings cache: 'ci-info' => '/Users/kumotyou/Library/Caches/typescript/3.4.5/node_modules/@types/ci-info/index.d.ts'
[21:57:26.624] Adding entry into typings cache: 'cipher-base' => '/Users/kumotyou/Library/Caches/typescript/3.4.5/node_modules/@types/cipher-base/index.d.ts'
[21:57:26.626] Adding entry into typings cache: 'clean-css' => '/Users/kumotyou/Library/Caches/typescript/3.4.5/node_modules/@types/clean-css/index.d.ts'
[21:57:26.627] Adding entry into typings cache: 'cli-spinners' => '/Users/kumotyou/Library/Caches/typescript/3.4.5/node_modules/@types/cli-spinners/index.d.ts'
[21:57:26.628] Adding entry into typings cache: 'clone' => '/Users/kumotyou/Library/Caches/typescript/3.4.5/node_modules/@types/clone/index.d.ts'
[21:57:26.629] Adding entry into typings cache: 'color' => '/Users/kumotyou/Library/Caches/typescript/3.4.5/node_modules/@types/color/index.d.ts'
[21:57:26.632] Adding entry into typings cache: 'color-convert' => '/Users/kumotyou/Library/Caches/typescript/3.4.5/node_modules/@types/color-convert/index.d.ts'
[21:57:26.636] Adding entry into typings cache: 'color-name' => '/Users/kumotyou/Library/Caches/typescript/3.4.5/node_modules/@types/color-name/index.d.ts'
[21:57:26.638] Adding entry into typings cache: 'color-string' => '/Users/kumotyou/Library/Caches/typescript/3.4.5/node_modules/@types/color-string/index.d.ts'
[21:57:26.639] Adding entry into typings cache: 'combined-stream' => '/Users/kumotyou/Library/Caches/typescript/3.4.5/node_modules/@types/combined-stream/index.d.ts'
[21:57:26.640] Adding entry into typings cache: 'commondir' => '/Users/kumotyou/Library/Caches/typescript/3.4.5/node_modules/@types/commondir/index.d.ts'
[21:57:26.644] Adding entry into typings cache: 'component-emitter' => '/Users/kumotyou/Library/Caches/typescript/3.4.5/node_modules/@types/component-emitter/index.d.ts'
[21:57:26.645] Adding entry into typings cache: 'compressible' => '/Users/kumotyou/Library/Caches/typescript/3.4.5/node_modules/@types/compressible/index.d.ts'
[21:57:26.647] Adding entry into typings cache: 'compression' => '/Users/kumotyou/Library/Caches/typescript/3.4.5/node_modules/@types/compression/index.d.ts'
[21:57:26.648] Adding entry into typings cache: 'concat-map' => '/Users/kumotyou/Library/Caches/typescript/3.4.5/node_modules/@types/concat-map/index.d.ts'
[21:57:26.650] Adding entry into typings cache: 'concat-stream' => '/Users/kumotyou/Library/Caches/typescript/3.4.5/node_modules/@types/concat-stream/index.d.ts'
[21:57:26.652] Adding entry into typings cache: 'connect-history-api-fallback' => '/Users/kumotyou/Library/Caches/typescript/3.4.5/node_modules/@types/connect-history-api-fallback/index.d.ts'
[21:57:26.653] Adding entry into typings cache: 'consolidate' => '/Users/kumotyou/Library/Caches/typescript/3.4.5/node_modules/@types/consolidate/index.d.ts'
[21:57:26.654] Adding entry into typings cache: 'content-disposition' => '/Users/kumotyou/Library/Caches/typescript/3.4.5/node_modules/@types/content-disposition/index.d.ts'
[21:57:26.656] Adding entry into typings cache: 'content-type' => '/Users/kumotyou/Library/Caches/typescript/3.4.5/node_modules/@types/content-type/index.d.ts'
[21:57:26.657] Adding entry into typings cache: 'convert-source-map' => '/Users/kumotyou/Library/Caches/typescript/3.4.5/node_modules/@types/convert-source-map/index.d.ts'
[21:57:26.659] Adding entry into typings cache: 'cookie' => '/Users/kumotyou/Library/Caches/typescript/3.4.5/node_modules/@types/cookie/index.d.ts'
[21:57:26.660] Adding entry into typings cache: 'cookie-signature' => '/Users/kumotyou/Library/Caches/typescript/3.4.5/node_modules/@types/cookie-signature/index.d.ts'
[21:57:26.662] Adding entry into typings cache: 'copy-webpack-plugin' => '/Users/kumotyou/Library/Caches/typescript/3.4.5/node_modules/@types/copy-webpack-plugin/index.d.ts'
[21:57:26.663] Adding entry into typings cache: 'core-js' => '/Users/kumotyou/Library/Caches/typescript/3.4.5/node_modules/@types/core-js/index.d.ts'
[21:57:26.664] Adding entry into typings cache: 'cosmiconfig' => '/Users/kumotyou/Library/Caches/typescript/3.4.5/node_modules/@types/cosmiconfig/index.d.ts'
[21:57:26.665] Adding entry into typings cache: 'create-hash' => '/Users/kumotyou/Library/Caches/typescript/3.4.5/node_modules/@types/create-hash/index.d.ts'
[21:57:26.666] Adding entry into typings cache: 'create-hmac' => '/Users/kumotyou/Library/Caches/typescript/3.4.5/node_modules/@types/create-hmac/index.d.ts'
[21:57:26.667] Adding entry into typings cache: 'cross-spawn' => '/Users/kumotyou/Library/Caches/typescript/3.4.5/node_modules/@types/cross-spawn/index.d.ts'
[21:57:26.669] Adding entry into typings cache: 'css-tree' => '/Users/kumotyou/Library/Caches/typescript/3.4.5/node_modules/@types/css-tree/index.d.ts'
[21:57:26.670] Adding entry into typings cache: 'cssesc' => '/Users/kumotyou/Library/Caches/typescript/3.4.5/node_modules/@types/cssesc/index.d.ts'
[21:57:26.671] Adding entry into typings cache: 'cssnano' => '/Users/kumotyou/Library/Caches/typescript/3.4.5/node_modules/@types/cssnano/index.d.ts'
[21:57:26.672] Adding entry into typings cache: 'csso' => '/Users/kumotyou/Library/Caches/typescript/3.4.5/node_modules/@types/csso/index.d.ts'
[21:57:26.674] Adding entry into typings cache: 'date-now' => '/Users/kumotyou/Library/Caches/typescript/3.4.5/node_modules/@types/date-now/index.d.ts'
[21:57:26.678] Adding entry into typings cache: 'debug' => '/Users/kumotyou/Library/Caches/typescript/3.4.5/node_modules/@types/debug/index.d.ts'
[21:57:26.679] Adding entry into typings cache: 'decode-uri-component' => '/Users/kumotyou/Library/Caches/typescript/3.4.5/node_modules/@types/decode-uri-component/index.d.ts'
[21:57:26.680] Adding entry into typings cache: 'deep-equal' => '/Users/kumotyou/Library/Caches/typescript/3.4.5/node_modules/@types/deep-equal/index.d.ts'
[21:57:26.681] Adding entry into typings cache: 'deep-extend' => '/Users/kumotyou/Library/Caches/typescript/3.4.5/node_modules/@types/deep-extend/index.d.ts'
[21:57:26.682] Adding entry into typings cache: 'default-gateway' => '/Users/kumotyou/Library/Caches/typescript/3.4.5/node_modules/@types/default-gateway/index.d.ts'
[21:57:26.683] Adding entry into typings cache: 'defaults' => '/Users/kumotyou/Library/Caches/typescript/3.4.5/node_modules/@types/defaults/index.d.ts'
[21:57:26.685] Adding entry into typings cache: 'depd' => '/Users/kumotyou/Library/Caches/typescript/3.4.5/node_modules/@types/depd/index.d.ts'
[21:57:26.686] Adding entry into typings cache: 'destroy' => '/Users/kumotyou/Library/Caches/typescript/3.4.5/node_modules/@types/destroy/index.d.ts'
[21:57:26.686] Adding entry into typings cache: 'detect-node' => '/Users/kumotyou/Library/Caches/typescript/3.4.5/node_modules/@types/detect-node/index.d.ts'
[21:57:26.688] Adding entry into typings cache: 'diffie-hellman' => '/Users/kumotyou/Library/Caches/typescript/3.4.5/node_modules/@types/diffie-hellman/index.d.ts'
[21:57:26.690] Adding entry into typings cache: 'dir-glob' => '/Users/kumotyou/Library/Caches/typescript/3.4.5/node_modules/@types/dir-glob/index.d.ts'
[21:57:26.692] Adding entry into typings cache: 'domelementtype' => '/Users/kumotyou/Library/Caches/typescript/3.4.5/node_modules/@types/domelementtype/index.d.ts'
[21:57:26.693] Adding entry into typings cache: 'domhandler' => '/Users/kumotyou/Library/Caches/typescript/3.4.5/node_modules/@types/domhandler/index.d.ts'
[21:57:26.695] Adding entry into typings cache: 'domutils' => '/Users/kumotyou/Library/Caches/typescript/3.4.5/node_modules/@types/domutils/index.d.ts'
[21:57:26.696] Adding entry into typings cache: 'dotenv' => '/Users/kumotyou/Library/Caches/typescript/3.4.5/node_modules/@types/dotenv/index.d.ts'
[21:57:26.698] Adding entry into typings cache: 'duplexify' => '/Users/kumotyou/Library/Caches/typescript/3.4.5/node_modules/@types/duplexify/index.d.ts'
[21:57:26.699] Adding entry into typings cache: 'ee-first' => '/Users/kumotyou/Library/Caches/typescript/3.4.5/node_modules/@types/ee-first/index.d.ts'
[21:57:26.700] Adding entry into typings cache: 'ejs' => '/Users/kumotyou/Library/Caches/typescript/3.4.5/node_modules/@types/ejs/index.d.ts'
[21:57:26.701] Adding entry into typings cache: 'elliptic' => '/Users/kumotyou/Library/Caches/typescript/3.4.5/node_modules/@types/elliptic/index.d.ts'
[21:57:26.702] Adding entry into typings cache: 'encodeurl' => '/Users/kumotyou/Library/Caches/typescript/3.4.5/node_modules/@types/encodeurl/index.d.ts'
[21:57:26.703] Adding entry into typings cache: 'end-of-stream' => '/Users/kumotyou/Library/Caches/typescript/3.4.5/node_modules/@types/end-of-stream/index.d.ts'
[21:57:26.704] Adding entry into typings cache: 'enhanced-resolve' => '/Users/kumotyou/Library/Caches/typescript/3.4.5/node_modules/@types/enhanced-resolve/index.d.ts'
[21:57:26.705] Adding entry into typings cache: 'entities' => '/Users/kumotyou/Library/Caches/typescript/3.4.5/node_modules/@types/entities/index.d.ts'
[21:57:26.706] Adding entry into typings cache: 'escape-html' => '/Users/kumotyou/Library/Caches/typescript/3.4.5/node_modules/@types/escape-html/index.d.ts'
[21:57:26.707] Adding entry into typings cache: 'eslint-scope' => '/Users/kumotyou/Library/Caches/typescript/3.4.5/node_modules/@types/eslint-scope/index.d.ts'
[21:57:26.708] Adding entry into typings cache: 'esprima' => '/Users/kumotyou/Library/Caches/typescript/3.4.5/node_modules/@types/esprima/index.d.ts'
[21:57:26.709] Adding entry into typings cache: 'estraverse' => '/Users/kumotyou/Library/Caches/typescript/3.4.5/node_modules/@types/estraverse/index.d.ts'
[21:57:26.710] Adding entry into typings cache: 'etag' => '/Users/kumotyou/Library/Caches/typescript/3.4.5/node_modules/@types/etag/index.d.ts'
[21:57:26.711] Adding entry into typings cache: 'events' => '/Users/kumotyou/Library/Caches/typescript/3.4.5/node_modules/@types/events/index.d.ts'
[21:57:26.712] Adding entry into typings cache: 'eventsource' => '/Users/kumotyou/Library/Caches/typescript/3.4.5/node_modules/@types/eventsource/index.d.ts'
[21:57:26.713] Adding entry into typings cache: 'execa' => '/Users/kumotyou/Library/Caches/typescript/3.4.5/node_modules/@types/execa/index.d.ts'
[21:57:26.715] Adding entry into typings cache: 'express' => '/Users/kumotyou/Library/Caches/typescript/3.4.5/node_modules/@types/express/index.d.ts'
[21:57:26.717] Adding entry into typings cache: 'extend' => '/Users/kumotyou/Library/Caches/typescript/3.4.5/node_modules/@types/extend/index.d.ts'
[21:57:26.719] Adding entry into typings cache: 'extsprintf' => '/Users/kumotyou/Library/Caches/typescript/3.4.5/node_modules/@types/extsprintf/index.d.ts'
[21:57:26.720] Adding entry into typings cache: 'fast-json-stable-stringify' => '/Users/kumotyou/Library/Caches/typescript/3.4.5/node_modules/@types/fast-json-stable-stringify/index.d.ts'
[21:57:26.722] Adding entry into typings cache: 'filesize' => '/Users/kumotyou/Library/Caches/typescript/3.4.5/node_modules/@types/filesize/index.d.ts'
[21:57:26.724] Adding entry into typings cache: 'finalhandler' => '/Users/kumotyou/Library/Caches/typescript/3.4.5/node_modules/@types/finalhandler/index.d.ts'
[21:57:26.725] Adding entry into typings cache: 'find-cache-dir' => '/Users/kumotyou/Library/Caches/typescript/3.4.5/node_modules/@types/find-cache-dir/index.d.ts'
[21:57:26.726] Adding entry into typings cache: 'find-up' => '/Users/kumotyou/Library/Caches/typescript/3.4.5/node_modules/@types/find-up/index.d.ts'
[21:57:26.727] Adding entry into typings cache: 'flush-write-stream' => '/Users/kumotyou/Library/Caches/typescript/3.4.5/node_modules/@types/flush-write-stream/index.d.ts'
[21:57:26.730] Adding entry into typings cache: 'follow-redirects' => '/Users/kumotyou/Library/Caches/typescript/3.4.5/node_modules/@types/follow-redirects/index.d.ts'
[21:57:26.731] Adding entry into typings cache: 'forever-agent' => '/Users/kumotyou/Library/Caches/typescript/3.4.5/node_modules/@types/forever-agent/index.d.ts'
[21:57:26.731] Adding entry into typings cache: 'form-data' => '/Users/kumotyou/Library/Caches/typescript/3.4.5/node_modules/@types/form-data/index.d.ts'
[21:57:26.733] Adding entry into typings cache: 'forwarded' => '/Users/kumotyou/Library/Caches/typescript/3.4.5/node_modules/@types/forwarded/index.d.ts'
[21:57:26.733] Adding entry into typings cache: 'fresh' => '/Users/kumotyou/Library/Caches/typescript/3.4.5/node_modules/@types/fresh/index.d.ts'
[21:57:26.734] Adding entry into typings cache: 'from2' => '/Users/kumotyou/Library/Caches/typescript/3.4.5/node_modules/@types/from2/index.d.ts'
[21:57:26.736] Adding entry into typings cache: 'fs-extra' => '/Users/kumotyou/Library/Caches/typescript/3.4.5/node_modules/@types/fs-extra/index.d.ts'
[21:57:26.738] Adding entry into typings cache: 'fsevents' => '/Users/kumotyou/Library/Caches/typescript/3.4.5/node_modules/@types/fsevents/index.d.ts'
[21:57:26.739] Adding entry into typings cache: 'get-caller-file' => '/Users/kumotyou/Library/Caches/typescript/3.4.5/node_modules/@types/get-caller-file/index.d.ts'
[21:57:26.742] Adding entry into typings cache: 'get-value' => '/Users/kumotyou/Library/Caches/typescript/3.4.5/node_modules/@types/get-value/index.d.ts'
[21:57:26.743] Adding entry into typings cache: 'getpass' => '/Users/kumotyou/Library/Caches/typescript/3.4.5/node_modules/@types/getpass/index.d.ts'
[21:57:26.744] Adding entry into typings cache: 'glob' => '/Users/kumotyou/Library/Caches/typescript/3.4.5/node_modules/@types/glob/index.d.ts'
[21:57:26.747] Adding entry into typings cache: 'glob-parent' => '/Users/kumotyou/Library/Caches/typescript/3.4.5/node_modules/@types/glob-parent/index.d.ts'
[21:57:26.749] Adding entry into typings cache: 'glob-to-regexp' => '/Users/kumotyou/Library/Caches/typescript/3.4.5/node_modules/@types/glob-to-regexp/index.d.ts'
[21:57:26.751] Adding entry into typings cache: 'graceful-fs' => '/Users/kumotyou/Library/Caches/typescript/3.4.5/node_modules/@types/graceful-fs/index.d.ts'
[21:57:26.752] Adding entry into typings cache: 'has-ansi' => '/Users/kumotyou/Library/Caches/typescript/3.4.5/node_modules/@types/has-ansi/index.d.ts'
[21:57:26.753] Adding entry into typings cache: 'hash-sum' => '/Users/kumotyou/Library/Caches/typescript/3.4.5/node_modules/@types/hash-sum/index.d.ts'
[21:57:26.754] Adding entry into typings cache: 'he' => '/Users/kumotyou/Library/Caches/typescript/3.4.5/node_modules/@types/he/index.d.ts'
[21:57:26.755] Adding entry into typings cache: 'highlight.js' => '/Users/kumotyou/Library/Caches/typescript/3.4.5/node_modules/@types/highlight.js/index.d.ts'
[21:57:26.756] Adding entry into typings cache: 'hosted-git-info' => '/Users/kumotyou/Library/Caches/typescript/3.4.5/node_modules/@types/hosted-git-info/index.d.ts'
[21:57:26.757] Adding entry into typings cache: 'html-entities' => '/Users/kumotyou/Library/Caches/typescript/3.4.5/node_modules/@types/html-entities/index.d.ts'
[21:57:26.759] Adding entry into typings cache: 'html-minifier' => '/Users/kumotyou/Library/Caches/typescript/3.4.5/node_modules/@types/html-minifier/index.d.ts'
[21:57:26.760] Adding entry into typings cache: 'html-webpack-plugin' => '/Users/kumotyou/Library/Caches/typescript/3.4.5/node_modules/@types/html-webpack-plugin/index.d.ts'
[21:57:26.761] Adding entry into typings cache: 'htmlparser2' => '/Users/kumotyou/Library/Caches/typescript/3.4.5/node_modules/@types/htmlparser2/index.d.ts'
[21:57:26.762] Adding entry into typings cache: 'http-errors' => '/Users/kumotyou/Library/Caches/typescript/3.4.5/node_modules/@types/http-errors/index.d.ts'
[21:57:26.763] Adding entry into typings cache: 'http-proxy' => '/Users/kumotyou/Library/Caches/typescript/3.4.5/node_modules/@types/http-proxy/index.d.ts'
[21:57:26.765] Adding entry into typings cache: 'http-proxy-middleware' => '/Users/kumotyou/Library/Caches/typescript/3.4.5/node_modules/@types/http-proxy-middleware/index.d.ts'
[21:57:26.766] Adding entry into typings cache: 'iferr' => '/Users/kumotyou/Library/Caches/typescript/3.4.5/node_modules/@types/iferr/index.d.ts'
[21:57:26.768] Adding entry into typings cache: 'inherits' => '/Users/kumotyou/Library/Caches/typescript/3.4.5/node_modules/@types/inherits/index.d.ts'
[21:57:26.770] Adding entry into typings cache: 'ini' => '/Users/kumotyou/Library/Caches/typescript/3.4.5/node_modules/@types/ini/index.d.ts'
[21:57:26.771] Adding entry into typings cache: 'invariant' => '/Users/kumotyou/Library/Caches/typescript/3.4.5/node_modules/@types/invariant/index.d.ts'
[21:57:26.773] Adding entry into typings cache: 'ip' => '/Users/kumotyou/Library/Caches/typescript/3.4.5/node_modules/@types/ip/index.d.ts'
[21:57:26.775] Adding entry into typings cache: 'is-buffer' => '/Users/kumotyou/Library/Caches/typescript/3.4.5/node_modules/@types/is-buffer/index.d.ts'
[21:57:26.776] Adding entry into typings cache: 'is-callable' => '/Users/kumotyou/Library/Caches/typescript/3.4.5/node_modules/@types/is-callable/index.d.ts'
[21:57:26.778] Adding entry into typings cache: 'is-ci' => '/Users/kumotyou/Library/Caches/typescript/3.4.5/node_modules/@types/is-ci/index.d.ts'
[21:57:26.779] Adding entry into typings cache: 'is-date-object' => '/Users/kumotyou/Library/Caches/typescript/3.4.5/node_modules/@types/is-date-object/index.d.ts'
[21:57:26.781] Adding entry into typings cache: 'is-glob' => '/Users/kumotyou/Library/Caches/typescript/3.4.5/node_modules/@types/is-glob/index.d.ts'
[21:57:26.783] Adding entry into typings cache: 'is-number' => '/Users/kumotyou/Library/Caches/typescript/3.4.5/node_modules/@types/is-number/index.d.ts'
[21:57:26.785] Adding entry into typings cache: 'is-typedarray' => '/Users/kumotyou/Library/Caches/typescript/3.4.5/node_modules/@types/is-typedarray/index.d.ts'
[21:57:26.787] Adding entry into typings cache: 'is-windows' => '/Users/kumotyou/Library/Caches/typescript/3.4.5/node_modules/@types/is-windows/index.d.ts'
[21:57:26.790] Adding entry into typings cache: 'isarray' => '/Users/kumotyou/Library/Caches/typescript/3.4.5/node_modules/@types/isarray/index.d.ts'
[21:57:26.791] Adding entry into typings cache: 'isexe' => '/Users/kumotyou/Library/Caches/typescript/3.4.5/node_modules/@types/isexe/index.d.ts'
[21:57:26.792] Adding entry into typings cache: 'js-levenshtein' => '/Users/kumotyou/Library/Caches/typescript/3.4.5/node_modules/@types/js-levenshtein/index.d.ts'
[21:57:26.794] Adding entry into typings cache: 'js-yaml' => '/Users/kumotyou/Library/Caches/typescript/3.4.5/node_modules/@types/js-yaml/index.d.ts'
[21:57:26.795] Adding entry into typings cache: 'jsbn' => '/Users/kumotyou/Library/Caches/typescript/3.4.5/node_modules/@types/jsbn/index.d.ts'
[21:57:26.796] Adding entry into typings cache: 'jsesc' => '/Users/kumotyou/Library/Caches/typescript/3.4.5/node_modules/@types/jsesc/index.d.ts'
[21:57:26.797] Adding entry into typings cache: 'json-parse-better-errors' => '/Users/kumotyou/Library/Caches/typescript/3.4.5/node_modules/@types/json-parse-better-errors/index.d.ts'
[21:57:26.798] Adding entry into typings cache: 'json-schema' => '/Users/kumotyou/Library/Caches/typescript/3.4.5/node_modules/@types/json-schema/index.d.ts'
[21:57:26.799] Adding entry into typings cache: 'json-stringify-safe' => '/Users/kumotyou/Library/Caches/typescript/3.4.5/node_modules/@types/json-stringify-safe/index.d.ts'
[21:57:26.801] Adding entry into typings cache: 'json3' => '/Users/kumotyou/Library/Caches/typescript/3.4.5/node_modules/@types/json3/index.d.ts'
[21:57:26.802] Adding entry into typings cache: 'json5' => '/Users/kumotyou/Library/Caches/typescript/3.4.5/node_modules/@types/json5/index.d.ts'
[21:57:26.803] Adding entry into typings cache: 'jsonfile' => '/Users/kumotyou/Library/Caches/typescript/3.4.5/node_modules/@types/jsonfile/index.d.ts'
[21:57:26.805] Adding entry into typings cache: 'kind-of' => '/Users/kumotyou/Library/Caches/typescript/3.4.5/node_modules/@types/kind-of/index.d.ts'
[21:57:26.806] Adding entry into typings cache: 'loader-runner' => '/Users/kumotyou/Library/Caches/typescript/3.4.5/node_modules/@types/loader-runner/index.d.ts'
[21:57:26.807] Adding entry into typings cache: 'loader-utils' => '/Users/kumotyou/Library/Caches/typescript/3.4.5/node_modules/@types/loader-utils/index.d.ts'
[21:57:26.812] Adding entry into typings cache: 'lodash' => '/Users/kumotyou/Library/Caches/typescript/3.4.5/node_modules/@types/lodash/ts3.1/index.d.ts'
[21:57:26.814] Adding entry into typings cache: 'lodash.defaultsdeep' => '/Users/kumotyou/Library/Caches/typescript/3.4.5/node_modules/@types/lodash.defaultsdeep/index.d.ts'
[21:57:26.815] Adding entry into typings cache: 'lodash.kebabcase' => '/Users/kumotyou/Library/Caches/typescript/3.4.5/node_modules/@types/lodash.kebabcase/index.d.ts'
[21:57:26.816] Adding entry into typings cache: 'lodash.mapvalues' => '/Users/kumotyou/Library/Caches/typescript/3.4.5/node_modules/@types/lodash.mapvalues/index.d.ts'
[21:57:26.817] Adding entry into typings cache: 'lodash.memoize' => '/Users/kumotyou/Library/Caches/typescript/3.4.5/node_modules/@types/lodash.memoize/index.d.ts'
[21:57:26.818] Adding entry into typings cache: 'lodash.transform' => '/Users/kumotyou/Library/Caches/typescript/3.4.5/node_modules/@types/lodash.transform/index.d.ts'
[21:57:26.820] Adding entry into typings cache: 'lodash.uniq' => '/Users/kumotyou/Library/Caches/typescript/3.4.5/node_modules/@types/lodash.uniq/index.d.ts'
[21:57:26.822] Adding entry into typings cache: 'lru-cache' => '/Users/kumotyou/Library/Caches/typescript/3.4.5/node_modules/@types/lru-cache/index.d.ts'
[21:57:26.823] Adding entry into typings cache: 'media-typer' => '/Users/kumotyou/Library/Caches/typescript/3.4.5/node_modules/@types/media-typer/index.d.ts'
[21:57:26.824] Adding entry into typings cache: 'memory-fs' => '/Users/kumotyou/Library/Caches/typescript/3.4.5/node_modules/@types/memory-fs/index.d.ts'
[21:57:26.825] Adding entry into typings cache: 'merge-descriptors' => '/Users/kumotyou/Library/Caches/typescript/3.4.5/node_modules/@types/merge-descriptors/index.d.ts'
[21:57:26.825] Adding entry into typings cache: 'merge2' => '/Users/kumotyou/Library/Caches/typescript/3.4.5/node_modules/@types/merge2/index.d.ts'
[21:57:26.826] Adding entry into typings cache: 'methods' => '/Users/kumotyou/Library/Caches/typescript/3.4.5/node_modules/@types/methods/index.d.ts'
[21:57:26.830] Adding entry into typings cache: 'micromatch' => '/Users/kumotyou/Library/Caches/typescript/3.4.5/node_modules/@types/micromatch/index.d.ts'
[21:57:26.831] Adding entry into typings cache: 'mime' => '/Users/kumotyou/Library/Caches/typescript/3.4.5/node_modules/@types/mime/index.d.ts'
[21:57:26.833] Adding entry into typings cache: 'mime-db' => '/Users/kumotyou/Library/Caches/typescript/3.4.5/node_modules/@types/mime-db/index.d.ts'
[21:57:26.833] Adding entry into typings cache: 'mime-types' => '/Users/kumotyou/Library/Caches/typescript/3.4.5/node_modules/@types/mime-types/index.d.ts'
[21:57:26.835] Adding entry into typings cache: 'mini-css-extract-plugin' => '/Users/kumotyou/Library/Caches/typescript/3.4.5/node_modules/@types/mini-css-extract-plugin/index.d.ts'
[21:57:26.836] Adding entry into typings cache: 'minimatch' => '/Users/kumotyou/Library/Caches/typescript/3.4.5/node_modules/@types/minimatch/index.d.ts'
[21:57:26.836] Adding entry into typings cache: 'minimist' => '/Users/kumotyou/Library/Caches/typescript/3.4.5/node_modules/@types/minimist/index.d.ts'
[21:57:26.837] Adding entry into typings cache: 'minipass' => '/Users/kumotyou/Library/Caches/typescript/3.4.5/node_modules/@types/minipass/index.d.ts'
[21:57:26.838] Adding entry into typings cache: 'mkdirp' => '/Users/kumotyou/Library/Caches/typescript/3.4.5/node_modules/@types/mkdirp/index.d.ts'
[21:57:26.839] Adding entry into typings cache: 'move-concurrently' => '/Users/kumotyou/Library/Caches/typescript/3.4.5/node_modules/@types/move-concurrently/index.d.ts'
[21:57:26.841] Adding entry into typings cache: 'ms' => '/Users/kumotyou/Library/Caches/typescript/3.4.5/node_modules/@types/ms/index.d.ts'
[21:57:26.844] Adding entry into typings cache: 'mz' => '/Users/kumotyou/Library/Caches/typescript/3.4.5/node_modules/@types/mz/index.d.ts'
[21:57:26.846] Adding entry into typings cache: 'needle' => '/Users/kumotyou/Library/Caches/typescript/3.4.5/node_modules/@types/needle/index.d.ts'
[21:57:26.847] Adding entry into typings cache: 'negotiator' => '/Users/kumotyou/Library/Caches/typescript/3.4.5/node_modules/@types/negotiator/index.d.ts'
[21:57:26.848] Adding entry into typings cache: 'node-forge' => '/Users/kumotyou/Library/Caches/typescript/3.4.5/node_modules/@types/node-forge/index.d.ts'
[21:57:26.849] Adding entry into typings cache: 'node-ipc' => '/Users/kumotyou/Library/Caches/typescript/3.4.5/node_modules/@types/node-ipc/index.d.ts'
[21:57:26.850] Adding entry into typings cache: 'nopt' => '/Users/kumotyou/Library/Caches/typescript/3.4.5/node_modules/@types/nopt/index.d.ts'
[21:57:26.851] Adding entry into typings cache: 'normalize-package-data' => '/Users/kumotyou/Library/Caches/typescript/3.4.5/node_modules/@types/normalize-package-data/index.d.ts'
[21:57:26.854] Adding entry into typings cache: 'normalize-path' => '/Users/kumotyou/Library/Caches/typescript/3.4.5/node_modules/@types/normalize-path/index.d.ts'
[21:57:26.855] Adding entry into typings cache: 'npm-packlist' => '/Users/kumotyou/Library/Caches/typescript/3.4.5/node_modules/@types/npm-packlist/index.d.ts'
[21:57:26.856] Adding entry into typings cache: 'npmlog' => '/Users/kumotyou/Library/Caches/typescript/3.4.5/node_modules/@types/npmlog/index.d.ts'
[21:57:26.857] Adding entry into typings cache: 'number-is-nan' => '/Users/kumotyou/Library/Caches/typescript/3.4.5/node_modules/@types/number-is-nan/index.d.ts'
[21:57:26.858] Adding entry into typings cache: 'object-assign' => '/Users/kumotyou/Library/Caches/typescript/3.4.5/node_modules/@types/object-assign/index.d.ts'
[21:57:26.859] Adding entry into typings cache: 'object-keys' => '/Users/kumotyou/Library/Caches/typescript/3.4.5/node_modules/@types/object-keys/index.d.ts'
[21:57:26.859] Adding entry into typings cache: 'object.getownpropertydescriptors' => '/Users/kumotyou/Library/Caches/typescript/3.4.5/node_modules/@types/object.getownpropertydescriptors/index.d.ts'
[21:57:26.862] Adding entry into typings cache: 'object.pick' => '/Users/kumotyou/Library/Caches/typescript/3.4.5/node_modules/@types/object.pick/index.d.ts'
[21:57:26.863] Adding entry into typings cache: 'on-finished' => '/Users/kumotyou/Library/Caches/typescript/3.4.5/node_modules/@types/on-finished/index.d.ts'
[21:57:26.864] Adding entry into typings cache: 'on-headers' => '/Users/kumotyou/Library/Caches/typescript/3.4.5/node_modules/@types/on-headers/index.d.ts'
[21:57:26.864] Adding entry into typings cache: 'once' => '/Users/kumotyou/Library/Caches/typescript/3.4.5/node_modules/@types/once/index.d.ts'
[21:57:26.866] Adding entry into typings cache: 'onetime' => '/Users/kumotyou/Library/Caches/typescript/3.4.5/node_modules/@types/onetime/index.d.ts'
[21:57:26.868] Adding entry into typings cache: 'open' => '/Users/kumotyou/Library/Caches/typescript/3.4.5/node_modules/@types/open/index.d.ts'
[21:57:26.869] Adding entry into typings cache: 'opener' => '/Users/kumotyou/Library/Caches/typescript/3.4.5/node_modules/@types/opener/index.d.ts'
[21:57:26.870] Adding entry into typings cache: 'original' => '/Users/kumotyou/Library/Caches/typescript/3.4.5/node_modules/@types/original/index.d.ts'
[21:57:26.870] Adding entry into typings cache: 'os-homedir' => '/Users/kumotyou/Library/Caches/typescript/3.4.5/node_modules/@types/os-homedir/index.d.ts'
[21:57:26.871] Adding entry into typings cache: 'os-locale' => '/Users/kumotyou/Library/Caches/typescript/3.4.5/node_modules/@types/os-locale/index.d.ts'
[21:57:26.872] Adding entry into typings cache: 'os-tmpdir' => '/Users/kumotyou/Library/Caches/typescript/3.4.5/node_modules/@types/os-tmpdir/index.d.ts'
[21:57:26.874] Adding entry into typings cache: 'osenv' => '/Users/kumotyou/Library/Caches/typescript/3.4.5/node_modules/@types/osenv/index.d.ts'
[21:57:26.875] Adding entry into typings cache: 'pako' => '/Users/kumotyou/Library/Caches/typescript/3.4.5/node_modules/@types/pako/index.d.ts'
[21:57:26.876] Adding entry into typings cache: 'parallel-transform' => '/Users/kumotyou/Library/Caches/typescript/3.4.5/node_modules/@types/parallel-transform/index.d.ts'
[21:57:26.877] Adding entry into typings cache: 'parse-json' => '/Users/kumotyou/Library/Caches/typescript/3.4.5/node_modules/@types/parse-json/index.d.ts'
[21:57:26.877] Adding entry into typings cache: 'parse5' => '/Users/kumotyou/Library/Caches/typescript/3.4.5/node_modules/@types/parse5/index.d.ts'
[21:57:26.878] Adding entry into typings cache: 'parseurl' => '/Users/kumotyou/Library/Caches/typescript/3.4.5/node_modules/@types/parseurl/index.d.ts'
[21:57:26.879] Adding entry into typings cache: 'path-exists' => '/Users/kumotyou/Library/Caches/typescript/3.4.5/node_modules/@types/path-exists/index.d.ts'
[21:57:26.881] Adding entry into typings cache: 'path-is-absolute' => '/Users/kumotyou/Library/Caches/typescript/3.4.5/node_modules/@types/path-is-absolute/index.d.ts'
[21:57:26.882] Adding entry into typings cache: 'path-is-inside' => '/Users/kumotyou/Library/Caches/typescript/3.4.5/node_modules/@types/path-is-inside/index.d.ts'
[21:57:26.883] Adding entry into typings cache: 'path-parse' => '/Users/kumotyou/Library/Caches/typescript/3.4.5/node_modules/@types/path-parse/index.d.ts'
[21:57:26.884] Adding entry into typings cache: 'pbkdf2' => '/Users/kumotyou/Library/Caches/typescript/3.4.5/node_modules/@types/pbkdf2/index.d.ts'
[21:57:26.885] Adding entry into typings cache: 'pify' => '/Users/kumotyou/Library/Caches/typescript/3.4.5/node_modules/@types/pify/index.d.ts'
[21:57:26.886] Adding entry into typings cache: 'postcss-calc' => '/Users/kumotyou/Library/Caches/typescript/3.4.5/node_modules/@types/postcss-calc/index.d.ts'
[21:57:26.887] Adding entry into typings cache: 'postcss-modules-extract-imports' => '/Users/kumotyou/Library/Caches/typescript/3.4.5/node_modules/@types/postcss-modules-extract-imports/index.d.ts'
[21:57:26.888] Adding entry into typings cache: 'postcss-modules-local-by-default' => '/Users/kumotyou/Library/Caches/typescript/3.4.5/node_modules/@types/postcss-modules-local-by-default/index.d.ts'
[21:57:26.890] Adding entry into typings cache: 'postcss-modules-scope' => '/Users/kumotyou/Library/Caches/typescript/3.4.5/node_modules/@types/postcss-modules-scope/index.d.ts'
[21:57:26.891] Adding entry into typings cache: 'prettier' => '/Users/kumotyou/Library/Caches/typescript/3.4.5/node_modules/@types/prettier/index.d.ts'
[21:57:26.892] Adding entry into typings cache: 'proxy-addr' => '/Users/kumotyou/Library/Caches/typescript/3.4.5/node_modules/@types/proxy-addr/index.d.ts'
[21:57:26.893] Adding entry into typings cache: 'psl' => '/Users/kumotyou/Library/Caches/typescript/3.4.5/node_modules/@types/psl/index.d.ts'
[21:57:26.894] Adding entry into typings cache: 'pump' => '/Users/kumotyou/Library/Caches/typescript/3.4.5/node_modules/@types/pump/index.d.ts'
[21:57:26.895] Adding entry into typings cache: 'pumpify' => '/Users/kumotyou/Library/Caches/typescript/3.4.5/node_modules/@types/pumpify/index.d.ts'
[21:57:26.897] Adding entry into typings cache: 'punycode' => '/Users/kumotyou/Library/Caches/typescript/3.4.5/node_modules/@types/punycode/index.d.ts'
[21:57:26.898] Adding entry into typings cache: 'q' => '/Users/kumotyou/Library/Caches/typescript/3.4.5/node_modules/@types/q/index.d.ts'
[21:57:26.899] Adding entry into typings cache: 'qs' => '/Users/kumotyou/Library/Caches/typescript/3.4.5/node_modules/@types/qs/index.d.ts'
[21:57:26.900] Adding entry into typings cache: 'querystringify' => '/Users/kumotyou/Library/Caches/typescript/3.4.5/node_modules/@types/querystringify/index.d.ts'
[21:57:26.902] Adding entry into typings cache: 'randombytes' => '/Users/kumotyou/Library/Caches/typescript/3.4.5/node_modules/@types/randombytes/index.d.ts'
[21:57:26.903] Adding entry into typings cache: 'range-parser' => '/Users/kumotyou/Library/Caches/typescript/3.4.5/node_modules/@types/range-parser/index.d.ts'
[21:57:26.904] Adding entry into typings cache: 'rc' => '/Users/kumotyou/Library/Caches/typescript/3.4.5/node_modules/@types/rc/index.d.ts'
[21:57:26.906] Adding entry into typings cache: 'read-pkg' => '/Users/kumotyou/Library/Caches/typescript/3.4.5/node_modules/@types/read-pkg/index.d.ts'
[21:57:26.909] Adding entry into typings cache: 'readable-stream' => '/Users/kumotyou/Library/Caches/typescript/3.4.5/node_modules/@types/readable-stream/index.d.ts'
[21:57:26.910] Adding entry into typings cache: 'readline-sync' => '/Users/kumotyou/Library/Caches/typescript/3.4.5/node_modules/@types/readline-sync/index.d.ts'
[21:57:26.911] Adding entry into typings cache: 'relateurl' => '/Users/kumotyou/Library/Caches/typescript/3.4.5/node_modules/@types/relateurl/index.d.ts'
[21:57:26.913] Adding entry into typings cache: 'repeat-element' => '/Users/kumotyou/Library/Caches/typescript/3.4.5/node_modules/@types/repeat-element/index.d.ts'
[21:57:26.916] Adding entry into typings cache: 'repeat-string' => '/Users/kumotyou/Library/Caches/typescript/3.4.5/node_modules/@types/repeat-string/index.d.ts'
[21:57:26.918] Adding entry into typings cache: 'request' => '/Users/kumotyou/Library/Caches/typescript/3.4.5/node_modules/@types/request/index.d.ts'
[21:57:26.919] Adding entry into typings cache: 'request-promise-native' => '/Users/kumotyou/Library/Caches/typescript/3.4.5/node_modules/@types/request-promise-native/index.d.ts'
[21:57:26.921] Adding entry into typings cache: 'require-directory' => '/Users/kumotyou/Library/Caches/typescript/3.4.5/node_modules/@types/require-directory/index.d.ts'
[21:57:26.921] Adding entry into typings cache: 'require-from-string' => '/Users/kumotyou/Library/Caches/typescript/3.4.5/node_modules/@types/require-from-string/index.d.ts'
[21:57:26.923] Adding entry into typings cache: 'requires-port' => '/Users/kumotyou/Library/Caches/typescript/3.4.5/node_modules/@types/requires-port/index.d.ts'
[21:57:26.924] Adding entry into typings cache: 'resolve' => '/Users/kumotyou/Library/Caches/typescript/3.4.5/node_modules/@types/resolve/index.d.ts'
[21:57:26.925] Adding entry into typings cache: 'resolve-cwd' => '/Users/kumotyou/Library/Caches/typescript/3.4.5/node_modules/@types/resolve-cwd/index.d.ts'
[21:57:26.926] Adding entry into typings cache: 'restore-cursor' => '/Users/kumotyou/Library/Caches/typescript/3.4.5/node_modules/@types/restore-cursor/index.d.ts'
[21:57:26.927] Adding entry into typings cache: 'rimraf' => '/Users/kumotyou/Library/Caches/typescript/3.4.5/node_modules/@types/rimraf/index.d.ts'
[21:57:26.928] Adding entry into typings cache: 'ripemd160' => '/Users/kumotyou/Library/Caches/typescript/3.4.5/node_modules/@types/ripemd160/index.d.ts'
[21:57:26.931] Adding entry into typings cache: 'safe-regex' => '/Users/kumotyou/Library/Caches/typescript/3.4.5/node_modules/@types/safe-regex/index.d.ts'
[21:57:26.932] Adding entry into typings cache: 'sax' => '/Users/kumotyou/Library/Caches/typescript/3.4.5/node_modules/@types/sax/index.d.ts'
[21:57:26.933] Adding entry into typings cache: 'semver' => '/Users/kumotyou/Library/Caches/typescript/3.4.5/node_modules/@types/semver/index.d.ts'
[21:57:26.934] Adding entry into typings cache: 'send' => '/Users/kumotyou/Library/Caches/typescript/3.4.5/node_modules/@types/send/index.d.ts'
[21:57:26.935] Adding entry into typings cache: 'serialize-javascript' => '/Users/kumotyou/Library/Caches/typescript/3.4.5/node_modules/@types/serialize-javascript/index.d.ts'
[21:57:26.936] Adding entry into typings cache: 'serve-index' => '/Users/kumotyou/Library/Caches/typescript/3.4.5/node_modules/@types/serve-index/index.d.ts'
[21:57:26.937] Adding entry into typings cache: 'serve-static' => '/Users/kumotyou/Library/Caches/typescript/3.4.5/node_modules/@types/serve-static/index.d.ts'
[21:57:26.940] Adding entry into typings cache: 'set-value' => '/Users/kumotyou/Library/Caches/typescript/3.4.5/node_modules/@types/set-value/index.d.ts'
[21:57:26.941] Adding entry into typings cache: 'sha.js' => '/Users/kumotyou/Library/Caches/typescript/3.4.5/node_modules/@types/sha.js/index.d.ts'
[21:57:26.943] Adding entry into typings cache: 'shebang-command' => '/Users/kumotyou/Library/Caches/typescript/3.4.5/node_modules/@types/shebang-command/index.d.ts'
[21:57:26.945] Adding entry into typings cache: 'shebang-regex' => '/Users/kumotyou/Library/Caches/typescript/3.4.5/node_modules/@types/shebang-regex/index.d.ts'
[21:57:26.946] Adding entry into typings cache: 'shell-quote' => '/Users/kumotyou/Library/Caches/typescript/3.4.5/node_modules/@types/shell-quote/index.d.ts'
[21:57:26.948] Adding entry into typings cache: 'signal-exit' => '/Users/kumotyou/Library/Caches/typescript/3.4.5/node_modules/@types/signal-exit/index.d.ts'
[21:57:26.949] Adding entry into typings cache: 'slash' => '/Users/kumotyou/Library/Caches/typescript/3.4.5/node_modules/@types/slash/index.d.ts'
[21:57:26.950] Adding entry into typings cache: 'sockjs' => '/Users/kumotyou/Library/Caches/typescript/3.4.5/node_modules/@types/sockjs/index.d.ts'
[21:57:26.951] Adding entry into typings cache: 'sockjs-client' => '/Users/kumotyou/Library/Caches/typescript/3.4.5/node_modules/@types/sockjs-client/index.d.ts'
[21:57:26.952] Adding entry into typings cache: 'source-list-map' => '/Users/kumotyou/Library/Caches/typescript/3.4.5/node_modules/@types/source-list-map/index.d.ts'
[21:57:26.955] Adding entry into typings cache: 'source-map-support' => '/Users/kumotyou/Library/Caches/typescript/3.4.5/node_modules/@types/source-map-support/index.d.ts'
[21:57:26.956] Adding entry into typings cache: 'spdx-correct' => '/Users/kumotyou/Library/Caches/typescript/3.4.5/node_modules/@types/spdx-correct/index.d.ts'
[21:57:26.958] Adding entry into typings cache: 'spdy' => '/Users/kumotyou/Library/Caches/typescript/3.4.5/node_modules/@types/spdy/index.d.ts'
[21:57:26.960] Adding entry into typings cache: 'sprintf' => '/Users/kumotyou/Library/Caches/typescript/3.4.5/node_modules/@types/sprintf/index.d.ts'
[21:57:26.961] Adding entry into typings cache: 'sprintf-js' => '/Users/kumotyou/Library/Caches/typescript/3.4.5/node_modules/@types/sprintf-js/index.d.ts'
[21:57:26.962] Adding entry into typings cache: 'sshpk' => '/Users/kumotyou/Library/Caches/typescript/3.4.5/node_modules/@types/sshpk/index.d.ts'
[21:57:26.963] Adding entry into typings cache: 'ssri' => '/Users/kumotyou/Library/Caches/typescript/3.4.5/node_modules/@types/ssri/index.d.ts'
[21:57:26.964] Adding entry into typings cache: 'statuses' => '/Users/kumotyou/Library/Caches/typescript/3.4.5/node_modules/@types/statuses/index.d.ts'
[21:57:26.965] Adding entry into typings cache: 'stream-each' => '/Users/kumotyou/Library/Caches/typescript/3.4.5/node_modules/@types/stream-each/index.d.ts'
[21:57:26.966] Adding entry into typings cache: 'stream-shift' => '/Users/kumotyou/Library/Caches/typescript/3.4.5/node_modules/@types/stream-shift/index.d.ts'
[21:57:26.966] Adding entry into typings cache: 'strict-uri-encode' => '/Users/kumotyou/Library/Caches/typescript/3.4.5/node_modules/@types/strict-uri-encode/index.d.ts'
[21:57:26.967] Adding entry into typings cache: 'strip-json-comments' => '/Users/kumotyou/Library/Caches/typescript/3.4.5/node_modules/@types/strip-json-comments/index.d.ts'
[21:57:26.970] Adding entry into typings cache: 'supports-color' => '/Users/kumotyou/Library/Caches/typescript/3.4.5/node_modules/@types/supports-color/index.d.ts'
[21:57:26.970] Adding entry into typings cache: 'svgo' => '/Users/kumotyou/Library/Caches/typescript/3.4.5/node_modules/@types/svgo/index.d.ts'
[21:57:26.971] Adding entry into typings cache: 'tapable' => '/Users/kumotyou/Library/Caches/typescript/3.4.5/node_modules/@types/tapable/index.d.ts'
[21:57:26.972] Adding entry into typings cache: 'tar' => '/Users/kumotyou/Library/Caches/typescript/3.4.5/node_modules/@types/tar/index.d.ts'
[21:57:26.974] Adding entry into typings cache: 'terser-webpack-plugin' => '/Users/kumotyou/Library/Caches/typescript/3.4.5/node_modules/@types/terser-webpack-plugin/index.d.ts'
[21:57:26.974] Adding entry into typings cache: 'through2' => '/Users/kumotyou/Library/Caches/typescript/3.4.5/node_modules/@types/through2/index.d.ts'
[21:57:26.976] Adding entry into typings cache: 'timsort' => '/Users/kumotyou/Library/Caches/typescript/3.4.5/node_modules/@types/timsort/index.d.ts'
[21:57:26.977] Adding entry into typings cache: 'toposort' => '/Users/kumotyou/Library/Caches/typescript/3.4.5/node_modules/@types/toposort/index.d.ts'
[21:57:26.978] Adding entry into typings cache: 'tough-cookie' => '/Users/kumotyou/Library/Caches/typescript/3.4.5/node_modules/@types/tough-cookie/index.d.ts'
[21:57:26.979] Adding entry into typings cache: 'tryer' => '/Users/kumotyou/Library/Caches/typescript/3.4.5/node_modules/@types/tryer/index.d.ts'
[21:57:26.979] Adding entry into typings cache: 'type-is' => '/Users/kumotyou/Library/Caches/typescript/3.4.5/node_modules/@types/type-is/index.d.ts'
[21:57:26.981] Adding entry into typings cache: 'uglify-js' => '/Users/kumotyou/Library/Caches/typescript/3.4.5/node_modules/@types/uglify-js/index.d.ts'
[21:57:26.982] Adding entry into typings cache: 'uniq' => '/Users/kumotyou/Library/Caches/typescript/3.4.5/node_modules/@types/uniq/index.d.ts'
[21:57:26.984] Adding entry into typings cache: 'urix' => '/Users/kumotyou/Library/Caches/typescript/3.4.5/node_modules/@types/urix/index.d.ts'
[21:57:26.985] Adding entry into typings cache: 'url-parse' => '/Users/kumotyou/Library/Caches/typescript/3.4.5/node_modules/@types/url-parse/index.d.ts'
[21:57:26.987] Adding entry into typings cache: 'util-deprecate' => '/Users/kumotyou/Library/Caches/typescript/3.4.5/node_modules/@types/util-deprecate/index.d.ts'
[21:57:26.988] Adding entry into typings cache: 'util.promisify' => '/Users/kumotyou/Library/Caches/typescript/3.4.5/node_modules/@types/util.promisify/index.d.ts'
[21:57:26.988] Adding entry into typings cache: 'utils-merge' => '/Users/kumotyou/Library/Caches/typescript/3.4.5/node_modules/@types/utils-merge/index.d.ts'
[21:57:26.989] Adding entry into typings cache: 'uuid' => '/Users/kumotyou/Library/Caches/typescript/3.4.5/node_modules/@types/uuid/index.d.ts'
[21:57:26.990] Adding entry into typings cache: 'vary' => '/Users/kumotyou/Library/Caches/typescript/3.4.5/node_modules/@types/vary/index.d.ts'
[21:57:26.991] Adding entry into typings cache: 'verror' => '/Users/kumotyou/Library/Caches/typescript/3.4.5/node_modules/@types/verror/index.d.ts'
[21:57:26.993] Adding entry into typings cache: 'watchpack' => '/Users/kumotyou/Library/Caches/typescript/3.4.5/node_modules/@types/watchpack/index.d.ts'
[21:57:26.994] Adding entry into typings cache: 'wcwidth' => '/Users/kumotyou/Library/Caches/typescript/3.4.5/node_modules/@types/wcwidth/index.d.ts'
[21:57:26.996] Adding entry into typings cache: 'webpack' => '/Users/kumotyou/Library/Caches/typescript/3.4.5/node_modules/@types/webpack/index.d.ts'
[21:57:26.998] Adding entry into typings cache: 'webpack-bundle-analyzer' => '/Users/kumotyou/Library/Caches/typescript/3.4.5/node_modules/@types/webpack-bundle-analyzer/index.d.ts'
[21:57:26.999] Adding entry into typings cache: 'webpack-dev-middleware' => '/Users/kumotyou/Library/Caches/typescript/3.4.5/node_modules/@types/webpack-dev-middleware/index.d.ts'
[21:57:27.1] Adding entry into typings cache: 'webpack-dev-server' => '/Users/kumotyou/Library/Caches/typescript/3.4.5/node_modules/@types/webpack-dev-server/index.d.ts'
[21:57:27.2] Adding entry into typings cache: 'webpack-merge' => '/Users/kumotyou/Library/Caches/typescript/3.4.5/node_modules/@types/webpack-merge/index.d.ts'
[21:57:27.3] Adding entry into typings cache: 'webpack-sources' => '/Users/kumotyou/Library/Caches/typescript/3.4.5/node_modules/@types/webpack-sources/index.d.ts'
[21:57:27.4] Adding entry into typings cache: 'which' => '/Users/kumotyou/Library/Caches/typescript/3.4.5/node_modules/@types/which/index.d.ts'
[21:57:27.5] Adding entry into typings cache: 'wrap-ansi' => '/Users/kumotyou/Library/Caches/typescript/3.4.5/node_modules/@types/wrap-ansi/index.d.ts'
[21:57:27.6] Adding entry into typings cache: 'ws' => '/Users/kumotyou/Library/Caches/typescript/3.4.5/node_modules/@types/ws/index.d.ts'
[21:57:27.7] Adding entry into typings cache: 'xtend' => '/Users/kumotyou/Library/Caches/typescript/3.4.5/node_modules/@types/xtend/index.d.ts'
[21:57:27.8] Adding entry into typings cache: 'y18n' => '/Users/kumotyou/Library/Caches/typescript/3.4.5/node_modules/@types/y18n/index.d.ts'
[21:57:27.9] Adding entry into typings cache: 'yallist' => '/Users/kumotyou/Library/Caches/typescript/3.4.5/node_modules/@types/yallist/index.d.ts'
[21:57:27.11] Adding entry into typings cache: 'yargs' => '/Users/kumotyou/Library/Caches/typescript/3.4.5/node_modules/@types/yargs/index.d.ts'
[21:57:27.12] Adding entry into typings cache: 'yargs-parser' => '/Users/kumotyou/Library/Caches/typescript/3.4.5/node_modules/@types/yargs-parser/index.d.ts'
[21:57:27.12] Finished processing cache location '/Users/kumotyou/Library/Caches/typescript/3.4.5'
[21:57:27.12] Process id: 8642
[21:57:27.12] NPM location: /usr/local/bin/npm (explicit '--npmLocation' not  provided)
[21:57:27.12] validateDefaultNpmLocation: false
[21:57:27.13] Npm config file: /Users/kumotyou/Library/Caches/typescript/3.4.5/package.json
[21:57:27.13] Updating types-registry npm package...
[21:57:27.13] Exec: /usr/local/bin/npm install --ignore-scripts types-registry@latest
[21:57:32.258]     Succeeded. stdout:
    + types-registry@0.1.472
    updated 1 package and audited 2851 packages in 4.644s
found 33 high severity vulnerabilities
  run `npm audit fix` to fix them, or `npm audit` for details

[21:57:32.259] Updated types-registry npm package
